*sect 1 0 4 0.0 6.0 192;
*sect 2 4 4 -0.4 8.0 128;
*sect 3 8 4 0.0 6.0 192;
*sect 4 12 4 0.0 6.0 192;
*sect 5 16 4 0.0 6.0 192;
*sect 6 20 4 0.0 6.0 192;
*sect 7 24 4 0.0 6.0 192;
*sect 8 28 4 0.0 6.0 192;
*sect 9 32 4 0.0 6.0 192;

# |---|---|---|
# | 1 | 3 | 5 |
# | 4 | 2 | 6 |
# | 7 | 8 | 9 |
# |---|---|---|

# down
# left
# up
# right

*line 5 5 5 0  4  0.0 0.0;
*line 5 0 0 0  0  0.0 0.0;
*line 0 0 0 5  0  0.0 0.0;
*line 0 5 5 5  3  0.0 0.0;

*line 10 10 10 5  8  0.0 0.0;
*line 10 5 5 5    4  0.0 0.0;
*line 5 5 5 10    3  0.0 0.0;
*line 5 10 10 10  6  0.0 0.0;

*line 5 10 5 5   2  0.0 0.0;
*line 5 5 0 5    1  0.0 0.0;
*line 0 5 0 10   0  0.0 0.0;
*line 0 10 5 10  5  0.0 0.0;

*line 10 5 10 0  7  0.0 0.0;
*line 10 0 5 0   0  0.0 0.0;
*line 5 0 5 5    1  0.0 0.0;
*line 5 5 10 5   2  0.0 0.0;

*line 5 15 5 10  6  0.0 0.0;
*line 5 10 0 10  3  0.0 0.0;
*line 0 10 0 15  0  0.0 0.0;
*line 0 15 5 15  0  0.0 0.0;

*line 10 15 10 10  9  0.0 0.0;
*line 10 10 5 10   2  0.0 0.0;
*line 5 10 5 15    5  0.0 0.0;
*line 5 15 10 15   0  0.0 0.0;

*line 15 5 15 0  0  0.0 0.0;
*line 15 0 10 0  0  0.0 0.0;
*line 10 0 10 5  4  0.0 0.0;
*line 10 5 15 5  8  0.0 0.0;

*line 15 10 15 5   0  0.0 0.0;
*line 15 5 10 5    7  0.0 0.0;
*line 10 5 10 10   2  0.0 0.0;
*line 10 10 15 10  9  0.0 0.0;

*line 15 15 15 10   0  0.0 0.0;
*line 15 10 10 10   8  0.0 0.0;
*line 10 10 10 15   6  0.0 0.0;
*line 10 15 15 15   0  0.0 0.0;